<?xml version="1.0" encoding="UTF-8"?>
<!-- Generated by org.testng.reporters.JUnitReportReporter -->
<testsuite skipped="0" hostname="DESKTOP-1RBJ5DQ" name="com.qa.acti.Tests.TestCreateCustomer_parameter_Excel_file" tests="1" failures="0" timestamp="05 Dec 2020 22:39:25 GMT" time="17.337" errors="0">
  <testcase name="testCreateNewCustomer" time="17.337" classname="com.qa.acti.Tests.TestCreateCustomer_parameter_Excel_file"/>
</testsuite> <!-- com.qa.acti.Tests.TestCreateCustomer_parameter_Excel_file -->
