<?xml version="1.0" encoding="UTF-8"?>
<!-- Generated by org.testng.reporters.JUnitReportReporter -->
<testsuite skipped="0" hostname="DESKTOP-1RBJ5DQ" name="com.qa.actitime.Base.DriverScript1" tests="1" failures="0" timestamp="24 Nov 2020 03:33:25 GMT" time="7.550" errors="0">
  <testcase name="initialization" time="7.550" classname="com.qa.actitime.Base.DriverScript1"/>
</testsuite> <!-- com.qa.actitime.Base.DriverScript1 -->
