<?xml version="1.0" encoding="UTF-8"?>
<!-- Generated by org.testng.reporters.JUnitReportReporter -->
<testsuite skipped="0" hostname="DESKTOP-1RBJ5DQ" name="com.qa.acti.Tests.TestReportPage" tests="1" failures="0" timestamp="29 Nov 2020 19:12:34 GMT" time="13.093" errors="0">
  <testcase name="verifyGenerateHtmlReport" time="13.093" classname="com.qa.acti.Tests.TestReportPage"/>
</testsuite> <!-- com.qa.acti.Tests.TestReportPage -->
