<?xml version="1.0" encoding="UTF-8"?>
<!-- Generated by org.testng.reporters.JUnitReportReporter -->
<testsuite skipped="0" hostname="DESKTOP-1RBJ5DQ" name="com.qa.acti.Tests.TestLoginPage" tests="2" failures="0" timestamp="30 Nov 2020 02:54:26 GMT" time="15.796" errors="0">
  <testcase name="testVerifyTitle" time="7.466" classname="com.qa.acti.Tests.TestLoginPage"/>
  <testcase name="testVerifyActilogo" time="8.330" classname="com.qa.acti.Tests.TestLoginPage"/>
</testsuite> <!-- com.qa.acti.Tests.TestLoginPage -->
