<?xml version="1.0" encoding="UTF-8"?>
<!-- Generated by org.testng.reporters.JUnitReportReporter -->
<testsuite skipped="0" hostname="DESKTOP-1RBJ5DQ" name="com.qa.acti.Tests.TestEnterTimePage" tests="2" failures="0" timestamp="29 Nov 2020 19:12:34 GMT" time="19.962" errors="0">
  <testcase name="verifyLogout" time="9.969" classname="com.qa.acti.Tests.TestEnterTimePage"/>
  <testcase name="verifyTaskMenuDisplayed" time="9.993" classname="com.qa.acti.Tests.TestEnterTimePage"/>
</testsuite> <!-- com.qa.acti.Tests.TestEnterTimePage -->
