<?xml version="1.0" encoding="UTF-8"?>
<!-- Generated by org.testng.reporters.JUnitReportReporter -->
<testsuite skipped="0" hostname="DESKTOP-1RBJ5DQ" name="com.qa.actitime.Base.DriverScript" tests="1" failures="0" timestamp="24 Nov 2020 03:31:46 GMT" time="9.361" errors="0">
  <testcase name="initialization" time="9.361" classname="com.qa.actitime.Base.DriverScript"/>
</testsuite> <!-- com.qa.actitime.Base.DriverScript -->
