<?xml version="1.0" encoding="UTF-8"?>
<!-- Generated by org.testng.reporters.JUnitReportReporter -->
<testsuite skipped="0" hostname="DESKTOP-1RBJ5DQ" name="com.qa.acti.Tests.TestCreateCustomer_parameter_config_file" tests="1" failures="0" timestamp="08 Dec 2020 03:32:55 GMT" time="15.604" errors="0">
  <testcase name="testCreateNewCustomer" time="15.604" classname="com.qa.acti.Tests.TestCreateCustomer_parameter_config_file"/>
</testsuite> <!-- com.qa.acti.Tests.TestCreateCustomer_parameter_config_file -->
